<?xml version="1.0" encoding="UTF-8"?>
<!-- Generated by org.testng.reporters.JUnitReportReporter -->
<testsuite hostname="Aryan" failures="0" tests="2" name="testCase.TC_003_WellnessCare" time="5.490" errors="0" timestamp="2024-11-09T16:43:02 IST" skipped="0">
  <testcase classname="testCase.TC_003_WellnessCare" name="validateWellnessPage" time="1.584"/>
  <system-out/>
  <testcase classname="testCase.TC_003_WellnessCare" name="ScheduleDmo" time="3.906"/>
  <system-out/>
</testsuite> <!-- testCase.TC_003_WellnessCare -->
