<?xml version="1.0" encoding="UTF-8"?>
<!-- Generated by org.testng.reporters.JUnitReportReporter -->
<testsuite hostname="LTIN511706" failures="0" tests="2" name="testCase.TC_002_GetDiagnosticsCenterCityName" time="17.277" errors="0" timestamp="2024-11-18T17:40:23 IST" skipped="0">
  <testcase classname="testCase.TC_002_GetDiagnosticsCenterCityName" name="ValidatingSurgeriPage" time="1.874"/>
  <system-out/>
  <testcase classname="testCase.TC_002_GetDiagnosticsCenterCityName" name="getMainCityNamesofDiagnosticsCenter" time="15.403"/>
  <system-out/>
</testsuite> <!-- testCase.TC_002_GetDiagnosticsCenterCityName -->
