<?xml version="1.0" encoding="UTF-8"?>
<!-- Generated by org.testng.reporters.JUnitReportReporter -->
<<<<<<< HEAD
<testsuite hostname="LTIN511706" failures="0" tests="4" name="testCase.TC_001_NearBy_Hospetial" time="67.582" errors="0" timestamp="2024-11-08T12:24:20 IST" skipped="0">
  <testcase classname="testCase.TC_001_NearBy_Hospetial" name="validationgPagePractoPage" time="0.025"/>
  <system-out/>
  <testcase classname="testCase.TC_001_NearBy_Hospetial" name="SearchAllHospetial" time="10.789"/>
  <system-out/>
  <testcase classname="testCase.TC_001_NearBy_Hospetial" name="SelectLocation" time="0.695"/>
  <system-out/>
  <testcase classname="testCase.TC_001_NearBy_Hospetial" name="getHospetialListWithGivenFecilities" time="56.073"/>
=======
<testsuite hostname="Aryan" failures="0" tests="4" name="testCase.TC_001_NearBy_Hospetial" time="53.778" errors="0" timestamp="2024-11-09T16:35:30 IST" skipped="0">
  <testcase classname="testCase.TC_001_NearBy_Hospetial" name="validationgPagePractoPage" time="0.035"/>
  <system-out/>
  <testcase classname="testCase.TC_001_NearBy_Hospetial" name="SearchAllHospetial" time="4.025"/>
  <system-out/>
  <testcase classname="testCase.TC_001_NearBy_Hospetial" name="SelectLocation" time="2.402"/>
  <system-out/>
  <testcase classname="testCase.TC_001_NearBy_Hospetial" name="getHospetialListWithGivenFecilities" time="47.316"/>
>>>>>>> 0db6d405700263e897f9dcca4cc3d06ebd4fafa9
  <system-out/>
</testsuite> <!-- testCase.TC_001_NearBy_Hospetial -->
