<?xml version="1.0" encoding="UTF-8"?>
<!-- Generated by org.testng.reporters.JUnitReportReporter -->
<testsuite hostname="Aryan" failures="0" tests="2" name="testCase.TC_003_WellnessCare" time="23.834" errors="0" timestamp="2024-11-09T16:10:46 IST" skipped="0">
  <testcase classname="testCase.TC_003_WellnessCare" name="validateWellnessPage" time="4.818"/>
  <system-out/>
  <testcase classname="testCase.TC_003_WellnessCare" name="ScheduleDmo" time="19.016"/>
  <system-out/>
</testsuite> <!-- testCase.TC_003_WellnessCare -->
