<?xml version="1.0" encoding="UTF-8"?>
<!-- Generated by org.testng.reporters.JUnitReportReporter -->
<testsuite hostname="LTIN511706" failures="0" tests="4" name="testCase.TC_001_NearBy_Hospetial" time="622.922" errors="0" timestamp="2024-11-05T10:03:01 IST" skipped="0">
  <testcase classname="testCase.TC_001_NearBy_Hospetial" name="validationgPagePractoPage" time="0.022"/>
  <system-out/>
  <testcase classname="testCase.TC_001_NearBy_Hospetial" name="SearchAllHospetial" time="33.644"/>
  <system-out/>
  <testcase classname="testCase.TC_001_NearBy_Hospetial" name="SelectLocation" time="0.797"/>
  <system-out/>
  <testcase classname="testCase.TC_001_NearBy_Hospetial" name="getHospetialListWithGivenFecilities" time="588.459"/>
  <system-out/>
</testsuite> <!-- testCase.TC_001_NearBy_Hospetial -->
