<?xml version="1.0" encoding="UTF-8"?>
<!-- Generated by org.testng.reporters.JUnitReportReporter -->
<testsuite hostname="LTIN511706" failures="0" tests="2" name="testCase.TC_002_GetDiagnosticsCenterCityName" time="34.559" errors="0" timestamp="2024-11-08T17:05:31 IST" skipped="0">
  <testcase classname="testCase.TC_002_GetDiagnosticsCenterCityName" name="ValidatingSurgeriPage" time="30.786"/>
  <system-out/>
  <testcase classname="testCase.TC_002_GetDiagnosticsCenterCityName" name="getMainCityNamesofDiagnosticsCenter" time="3.773"/>
  <system-out/>
</testsuite> <!-- testCase.TC_002_GetDiagnosticsCenterCityName -->
