<?xml version="1.0" encoding="UTF-8"?>
<!-- Generated by org.testng.reporters.JUnitReportReporter -->
<testsuite hostname="LTIN511706" failures="0" tests="4" name="testCase.TC_001_NearBy_Hospetial" time="67.582" errors="0" timestamp="2024-11-08T12:24:20 IST" skipped="0">
  <testcase classname="testCase.TC_001_NearBy_Hospetial" name="validationgPagePractoPage" time="0.025"/>
  <system-out/>
  <testcase classname="testCase.TC_001_NearBy_Hospetial" name="SearchAllHospetial" time="10.789"/>
  <system-out/>
  <testcase classname="testCase.TC_001_NearBy_Hospetial" name="SelectLocation" time="0.695"/>
  <system-out/>
  <testcase classname="testCase.TC_001_NearBy_Hospetial" name="getHospetialListWithGivenFecilities" time="56.073"/>
  <system-out/>
</testsuite> <!-- testCase.TC_001_NearBy_Hospetial -->
