<?xml version="1.0" encoding="UTF-8"?>
<!-- Generated by org.testng.reporters.JUnitReportReporter -->
<testsuite hostname="Aryan" failures="0" tests="2" name="testCase.TC_002_GetDiagnosticsCenterCityName" time="5.131" errors="0" timestamp="2024-11-09T16:02:05 IST" skipped="0">
  <testcase classname="testCase.TC_002_GetDiagnosticsCenterCityName" name="ValidatingSurgeriPage" time="0.943"/>
  <testcase classname="testCase.TC_002_GetDiagnosticsCenterCityName" name="getMainCityNamesofDiagnosticsCenter" time="4.188"/>
</testsuite> <!-- testCase.TC_002_GetDiagnosticsCenterCityName -->
