<?xml version="1.0" encoding="UTF-8"?>
<!-- Generated by org.testng.reporters.JUnitReportReporter -->
<testsuite hostname="LTIN511706" failures="0" tests="2" name="testCase.TC_002_GetDiagnosticsCenterCityName" time="20.354" errors="0" timestamp="2024-11-08T12:25:42 IST" skipped="0">
  <testcase classname="testCase.TC_002_GetDiagnosticsCenterCityName" name="ValidatingSurgeriPage" time="4.415"/>
  <testcase classname="testCase.TC_002_GetDiagnosticsCenterCityName" name="getMainCityNamesofDiagnosticsCenter" time="15.939"/>
</testsuite> <!-- testCase.TC_002_GetDiagnosticsCenterCityName -->
