<?xml version="1.0" encoding="UTF-8"?>
<!-- Generated by org.testng.reporters.JUnitReportReporter -->
<testsuite hostname="Aryan" failures="0" tests="2" name="testCase.TC_003_WellnessCare" time="5.893" errors="0" timestamp="2024-11-09T16:02:05 IST" skipped="0">
  <testcase classname="testCase.TC_003_WellnessCare" name="validateWellnessPage" time="1.644"/>
  <testcase classname="testCase.TC_003_WellnessCare" name="ScheduleDmo" time="4.249"/>
</testsuite> <!-- testCase.TC_003_WellnessCare -->
