<?xml version="1.0" encoding="UTF-8"?>
<!-- Generated by org.testng.reporters.JUnitReportReporter -->
<<<<<<< HEAD
=======
<<<<<<< HEAD
<testsuite hostname="Aryan" failures="0" tests="2" name="testCase.TC_003_WellnessCare" time="5.893" errors="0" timestamp="2024-11-09T16:02:05 IST" skipped="0">
  <testcase classname="testCase.TC_003_WellnessCare" name="validateWellnessPage" time="1.644"/>
  <testcase classname="testCase.TC_003_WellnessCare" name="ScheduleDmo" time="4.249"/>
=======
>>>>>>> 0db6d405700263e897f9dcca4cc3d06ebd4fafa9
<testsuite hostname="LTIN511706" failures="0" tests="2" name="testCase.TC_003_WellnessCare" time="0.000" errors="0" timestamp="2024-11-08T14:32:01 IST" skipped="2">
  <testcase classname="testCase.TC_003_WellnessCare" name="validateWellnessPage" time="0.000">
    <skipped/>
  </testcase> <!-- validateWellnessPage -->
  <testcase classname="testCase.TC_003_WellnessCare" name="ScheduleDmo" time="0.000">
    <skipped/>
  </testcase> <!-- ScheduleDmo -->
<<<<<<< HEAD
=======
>>>>>>> ea637284de552754285fe5a5195040af9e5d8986
>>>>>>> 0db6d405700263e897f9dcca4cc3d06ebd4fafa9
</testsuite> <!-- testCase.TC_003_WellnessCare -->
