<?xml version="1.0" encoding="UTF-8"?>
<!-- Generated by org.testng.reporters.JUnitReportReporter -->
<testsuite hostname="LTIN511706" failures="0" tests="2" name="testCase.TC_003_WellnessCare" time="0.000" errors="0" timestamp="2024-11-08T14:32:01 IST" skipped="2">
  <testcase classname="testCase.TC_003_WellnessCare" name="validateWellnessPage" time="0.000">
    <skipped/>
  </testcase> <!-- validateWellnessPage -->
  <testcase classname="testCase.TC_003_WellnessCare" name="ScheduleDmo" time="0.000">
    <skipped/>
  </testcase> <!-- ScheduleDmo -->
</testsuite> <!-- testCase.TC_003_WellnessCare -->
