<?xml version="1.0" encoding="UTF-8"?>
<!-- Generated by org.testng.reporters.JUnitReportReporter -->
<testsuite hostname="LTIN511706" failures="0" tests="2" name="testCase.TC_003_WellnessCare" time="78.705" errors="0" timestamp="2024-11-07T11:56:43 IST" skipped="0">
  <testcase classname="testCase.TC_003_WellnessCare" name="validateWellnessPage" time="42.467"/>
  <testcase classname="testCase.TC_003_WellnessCare" name="ScheduleDmo" time="36.238"/>
</testsuite> <!-- testCase.TC_003_WellnessCare -->
