<?xml version="1.0" encoding="UTF-8"?>
<!-- Generated by org.testng.reporters.JUnitReportReporter -->
<testsuite hostname="LTIN511706" failures="0" tests="2" name="testCase.TC_003_WellnessCare" time="64.574" errors="0" timestamp="2024-11-08T12:42:35 IST" skipped="0">
  <testcase classname="testCase.TC_003_WellnessCare" name="validateWellnessPage" time="30.600"/>
  <testcase classname="testCase.TC_003_WellnessCare" name="ScheduleDmo" time="33.974"/>
</testsuite> <!-- testCase.TC_003_WellnessCare -->
